# JRE version: OpenJDK Runtime Environment Temurin-17.0.8.1+1 (17.0.8.1+1) (build 17.0.8.1+1)
# Java VM: OpenJDK 64-Bit Server VM Temurin-17.0.8.1+1 (17.0.8.1+1, mixed mode, tiered, compressed oops, compressed class ptrs, g1 gc, windows-amd64)
GC Precious Log:
 CPUs: 16 total, 16 available
 Memory: 15724M
 Large Page Support: Disabled
 NUMA Support: Disabled
 Compressed Oops: Enabled (Zero based)
 Heap Region Size: 2M
 Heap Min Capacity: 8M
 Heap Initial Capacity: 246M
 Heap Max Capacity: 3932M
 Pre-touch: Disabled
 Parallel Workers: 13
 Concurrent Workers: 3
 Concurrent Refinement Workers: 13
 Periodic GC: Disabled
Heap:
 garbage-first heap   total 151552K, used 106528K [0x000000070a400000, 0x0000000800000000)
  region size 2048K, 12 young (24576K), 1 survivors (2048K)
 Metaspace       used 64406K, committed 65280K, reserved 1114112K
  class space    used 7334K, committed 7744K, reserved 1048576K
GC Heap History (20 events):
Event: 2.258 GC heap before
{Heap before GC invocations=14 (full 0):
 garbage-first heap   total 55296K, used 35566K [0x000000070a400000, 0x0000000800000000)
  region size 2048K, 5 young (10240K), 1 survivors (2048K)
 Metaspace       used 44143K, committed 44608K, reserved 1114112K
  class space    used 4738K, committed 4928K, reserved 1048576K
}
Event: 2.259 GC heap after
{Heap after GC invocations=15 (full 0):
 garbage-first heap   total 55296K, used 30029K [0x000000070a400000, 0x0000000800000000)
  region size 2048K, 1 young (2048K), 1 survivors (2048K)
 Metaspace       used 44143K, committed 44608K, reserved 1114112K
  class space    used 4738K, committed 4928K, reserved 1048576K
}
Event: 2.361 GC heap before
{Heap before GC invocations=15 (full 0):
 garbage-first heap   total 55296K, used 38221K [0x000000070a400000, 0x0000000800000000)
  region size 2048K, 6 young (12288K), 1 survivors (2048K)
 Metaspace       used 46134K, committed 46592K, reserved 1114112K
  class space    used 4941K, committed 5184K, reserved 1048576K
}
Event: 2.362 GC heap after
{Heap after GC invocations=16 (full 0):
 garbage-first heap   total 55296K, used 30306K [0x000000070a400000, 0x0000000800000000)
  region size 2048K, 1 young (2048K), 1 survivors (2048K)
 Metaspace       used 46134K, committed 46592K, reserved 1114112K
  class space    used 4941K, committed 5184K, reserved 1048576K
}
Event: 2.515 GC heap before
{Heap before GC invocations=17 (full 0):
 garbage-first heap   total 59392K, used 38498K [0x000000070a400000, 0x0000000800000000)
  region size 2048K, 6 young (12288K), 1 survivors (2048K)
 Metaspace       used 48839K, committed 49408K, reserved 1114112K
  class space    used 5274K, committed 5504K, reserved 1048576K
}
Event: 2.516 GC heap after
{Heap after GC invocations=18 (full 0):
 garbage-first heap   total 59392K, used 32186K [0x000000070a400000, 0x0000000800000000)
  region size 2048K, 1 young (2048K), 1 survivors (2048K)
 Metaspace       used 48839K, committed 49408K, reserved 1114112K
  class space    used 5274K, committed 5504K, reserved 1048576K
}
Event: 2.579 GC heap before
{Heap before GC invocations=18 (full 0):
 garbage-first heap   total 59392K, used 34234K [0x000000070a400000, 0x0000000800000000)
  region size 2048K, 2 young (4096K), 1 survivors (2048K)
 Metaspace       used 49457K, committed 49984K, reserved 1114112K
  class space    used 5394K, committed 5632K, reserved 1048576K
}
Event: 2.581 GC heap after
{Heap after GC invocations=19 (full 0):
 garbage-first heap   total 59392K, used 32554K [0x000000070a400000, 0x0000000800000000)
  region size 2048K, 1 young (2048K), 1 survivors (2048K)
 Metaspace       used 49457K, committed 49984K, reserved 1114112K
  class space    used 5394K, committed 5632K, reserved 1048576K
}
Event: 2.902 GC heap before
{Heap before GC invocations=19 (full 0):
 garbage-first heap   total 59392K, used 44842K [0x000000070a400000, 0x0000000800000000)
  region size 2048K, 7 young (14336K), 1 survivors (2048K)
 Metaspace       used 52522K, committed 53248K, reserved 1114112K
  class space    used 5948K, committed 6272K, reserved 1048576K
}
Event: 2.904 GC heap after
{Heap after GC invocations=20 (full 0):
 garbage-first heap   total 155648K, used 34332K [0x000000070a400000, 0x0000000800000000)
  region size 2048K, 1 young (2048K), 1 survivors (2048K)
 Metaspace       used 52522K, committed 53248K, reserved 1114112K
  class space    used 5948K, committed 6272K, reserved 1048576K
}
Event: 5.742 GC heap before
{Heap before GC invocations=21 (full 0):
 garbage-first heap   total 122880K, used 103964K [0x000000070a400000, 0x0000000800000000)
  region size 2048K, 29 young (59392K), 1 survivors (2048K)
 Metaspace       used 62533K, committed 63424K, reserved 1114112K
  class space    used 7174K, committed 7616K, reserved 1048576K
}
Event: 5.747 GC heap after
{Heap after GC invocations=22 (full 0):
 garbage-first heap   total 122880K, used 56378K [0x000000070a400000, 0x0000000800000000)
  region size 2048K, 4 young (8192K), 4 survivors (8192K)
 Metaspace       used 62533K, committed 63424K, reserved 1114112K
  class space    used 7174K, committed 7616K, reserved 1048576K
}
Event: 5.763 GC heap before
{Heap before GC invocations=22 (full 0):
 garbage-first heap   total 122880K, used 62522K [0x000000070a400000, 0x0000000800000000)
  region size 2048K, 5 young (10240K), 4 survivors (8192K)
 Metaspace       used 62533K, committed 63424K, reserved 1114112K
  class space    used 7174K, committed 7616K, reserved 1048576K
}
Event: 5.768 GC heap after
{Heap after GC invocations=23 (full 0):
 garbage-first heap   total 122880K, used 60607K [0x000000070a400000, 0x0000000800000000)
  region size 2048K, 1 young (2048K), 1 survivors (2048K)
 Metaspace       used 62533K, committed 63424K, reserved 1114112K
  class space    used 7174K, committed 7616K, reserved 1048576K
}
Event: 6.228 GC heap before
{Heap before GC invocations=23 (full 0):
 garbage-first heap   total 122880K, used 107711K [0x000000070a400000, 0x0000000800000000)
  region size 2048K, 14 young (28672K), 1 survivors (2048K)
 Metaspace       used 62973K, committed 63808K, reserved 1114112K
  class space    used 7223K, committed 7616K, reserved 1048576K
}
Event: 6.229 GC heap after
{Heap after GC invocations=24 (full 0):
 garbage-first heap   total 122880K, used 85530K [0x000000070a400000, 0x0000000800000000)
  region size 2048K, 1 young (2048K), 1 survivors (2048K)
 Metaspace       used 62973K, committed 63808K, reserved 1114112K
  class space    used 7223K, committed 7616K, reserved 1048576K
}
Event: 8.484 GC heap before
{Heap before GC invocations=25 (full 0):
 garbage-first heap   total 151552K, used 99866K [0x000000070a400000, 0x0000000800000000)
  region size 2048K, 9 young (18432K), 1 survivors (2048K)
 Metaspace       used 64095K, committed 64960K, reserved 1114112K
  class space    used 7316K, committed 7744K, reserved 1048576K
}
Event: 8.486 GC heap after
{Heap after GC invocations=26 (full 0):
 garbage-first heap   total 151552K, used 86781K [0x000000070a400000, 0x0000000800000000)
  region size 2048K, 1 young (2048K), 1 survivors (2048K)
 Metaspace       used 64095K, committed 64960K, reserved 1114112K
  class space    used 7316K, committed 7744K, reserved 1048576K
}
Event: 8.499 GC heap before
{Heap before GC invocations=26 (full 0):
 garbage-first heap   total 151552K, used 90877K [0x000000070a400000, 0x0000000800000000)
  region size 2048K, 3 young (6144K), 1 survivors (2048K)
 Metaspace       used 64112K, committed 65024K, reserved 1114112K
  class space    used 7316K, committed 7744K, reserved 1048576K
}
Event: 8.501 GC heap after
{Heap after GC invocations=27 (full 0):
 garbage-first heap   total 151552K, used 86048K [0x000000070a400000, 0x0000000800000000)
  region size 2048K, 1 young (2048K), 1 survivors (2048K)
 Metaspace       used 64112K, committed 65024K, reserved 1114112K
  class space    used 7316K, committed 7744K, reserved 1048576K
}

